#
# A fatal error has been detected by the Java Runtime Environment:
#
#  EXCEPTION_ACCESS_VIOLATION (0xc0000005) at pc=0x000000005a40c750, pid=12732, tid=12852
#
# JRE version: 6.0_17-b04
# Java VM: Java HotSpot(TM) 64-Bit Server VM (14.3-b01 mixed mode windows-amd64 )
# Problematic frame:
# C  0x000000005a40c750
#
# If you would like to submit a bug report, please visit:
#   http://java.sun.com/webapps/bugreport/crash.jsp
# The crash happened outside the Java Virtual Machine in native code.
# See problematic frame for where to report the bug.
#

---------------  T H R E A D  ---------------

Current thread (0x0000000059ef8000):  JavaThread "AWT-EventQueue-0" [_thread_in_native, id=12852, stack(0x0000000029410000,0x0000000029490000)]

siginfo: ExceptionCode=0xc0000005, reading address 0x0000000000000008

Registers:
EAX=0x000000000000000d, EBX=0x0000000059ef81b8, ECX=0x0000000000000000, EDX=0x0000000045011b55
ESP=0x000000002948e3e8, EBP=0x00000000720861e0, ESI=0x0000000059ef81b8, EDI=0x000000005b579960
EIP=0x000000005a40c750, EFLAGS=0x0000000000010202

Top of Stack: (sp=0x000000002948e3e8)
0x000000002948e3e8:   000000005a3b589c 0000000000000000
0x000000002948e3f8:   0000000059ef81b8 00000000720861e0
0x000000002948e408:   0000000059ef81b8 0000000036120210
0x000000002948e418:   0000000059ef81b8 000000003a00dfa8
0x000000002948e428:   000000005a393810 0000000059ef81b8
0x000000002948e438:   000000002948eb08 000000002948eb80
0x000000002948e448:   00000000720861e0 0000000000000179
0x000000002948e458:   000000005a3b2151 0000000000000000
0x000000002948e468:   000000002948eb78 00000000474c4c80
0x000000002948e478:   000000002948eb80 00000000474c6ff8
0x000000002948e488:   00000000474b8ae8 0000000000000000
0x000000002948e498:   0000000000000001 0000000000000000
0x000000002948e4a8:   0000000000000000 0000017900000000
0x000000002948e4b8:   0000017900000050 00000000474b8ed0
0x000000002948e4c8:   0000000000000000 000000002948e8d8
0x000000002948e4d8:   000000002948e5b8 000000002948e548 

Instructions: (pc=0x000000005a40c750)
0x000000005a40c740:   48 8b 41 08 48 8b 80 18 0c 00 00 c3 cc cc cc cc
0x000000005a40c750:   48 8b 49 08 48 85 c9 74 05 e9 72 f6 fd ff 33 c0 


Stack: [0x0000000029410000,0x0000000029490000],  sp=0x000000002948e3e8,  free space=504k
Native frames: (J=compiled Java code, j=interpreted, Vv=VM code, C=native code)
C  0x000000005a40c750

Java frames: (J=compiled Java code, j=interpreted, Vv=VM code)
j  sun.java2d.windows.GDIBlitLoops.nativeBlit(Lsun/java2d/SurfaceData;Lsun/java2d/SurfaceData;Lsun/java2d/pipe/Region;IIIIIIIIIZ)V+0
j  sun.java2d.windows.GDIBlitLoops.Blit(Lsun/java2d/SurfaceData;Lsun/java2d/SurfaceData;Ljava/awt/Composite;Lsun/java2d/pipe/Region;IIIIII)V+33
J  sun.java2d.pipe.DrawImage.copyImage(Lsun/java2d/SunGraphics2D;Ljava/awt/Image;IILjava/awt/Color;Ljava/awt/image/ImageObserver;)Z
J  sun.java2d.SunGraphics2D.drawImage(Ljava/awt/Image;IILjava/awt/Color;Ljava/awt/image/ImageObserver;)Z
J  javax.swing.RepaintManager$PaintManager.paintDoubleBuffered(Ljavax/swing/JComponent;Ljava/awt/Image;Ljava/awt/Graphics;IIII)V
J  javax.swing.RepaintManager$PaintManager.paint(Ljavax/swing/JComponent;Ljavax/swing/JComponent;Ljava/awt/Graphics;IIII)Z
j  javax.swing.RepaintManager.paint(Ljavax/swing/JComponent;Ljavax/swing/JComponent;Ljava/awt/Graphics;IIII)V+52
J  javax.swing.JComponent.paint(Ljava/awt/Graphics;)V
j  java.awt.GraphicsCallback$PaintCallback.run(Ljava/awt/Component;Ljava/awt/Graphics;)V+2
j  sun.awt.SunGraphicsCallback.runOneComponent(Ljava/awt/Component;Ljava/awt/Rectangle;Ljava/awt/Graphics;Ljava/awt/Shape;I)V+155
j  sun.awt.SunGraphicsCallback.runComponents([Ljava/awt/Component;Ljava/awt/Graphics;I)V+104
j  java.awt.Container.paint(Ljava/awt/Graphics;)V+73
J  javax.swing.RepaintManager.paintDirtyRegions(Ljava/util/Map;)V
j  javax.swing.RepaintManager.paintDirtyRegions()V+46
j  javax.swing.RepaintManager.seqPaintDirtyRegions()V+73
j  javax.swing.SystemEventQueueUtilities$ComponentWorkRequest.run()V+36
J  java.awt.event.InvocationEvent.dispatch()V
J  java.awt.EventDispatchThread.pumpOneEventForFilters(I)Z
J  java.awt.EventDispatchThread.pumpEventsForFilter(ILjava/awt/Conditional;Ljava/awt/EventFilter;)V
j  java.awt.EventDispatchThread.pumpEventsForHierarchy(ILjava/awt/Conditional;Ljava/awt/Component;)V+11
j  java.awt.EventDispatchThread.pumpEvents(ILjava/awt/Conditional;)V+4
j  java.awt.EventDispatchThread.pumpEvents(Ljava/awt/Conditional;)V+3
j  java.awt.EventDispatchThread.run()V+9
v  ~StubRoutines::call_stub

---------------  P R O C E S S  ---------------

Java Threads: ( => current thread )
  0x0000000059ef6800 JavaThread "Image Fetcher 3" daemon [_thread_blocked, id=8356, stack(0x0000000016fa0000,0x0000000017020000)]
  0x000000005b6e9800 JavaThread "AddressBar directory emptiness poller" [_thread_blocked, id=9604, stack(0x0000000030460000,0x00000000304e0000)]
  0x000000005b6e9000 JavaThread "Timer queue for AWT thread" daemon [_thread_blocked, id=6784, stack(0x00000000305d0000,0x0000000030650000)]
  0x0000000059eff800 JavaThread "Prefs Updater" daemon [_thread_blocked, id=7416, stack(0x00000000112a0000,0x0000000011320000)]
  0x000000005b6e7800 JavaThread "Code Analyzer updating thread" [_thread_blocked, id=10764, stack(0x000000000a740000,0x000000000a7c0000)]
  0x000000005b6e6800 JavaThread "Code Analyzer updating thread" [_thread_blocked, id=13152, stack(0x000000000a8a0000,0x000000000a920000)]
  0x000000005b6e6000 JavaThread "Code Analyzer updating thread" [_thread_blocked, id=8896, stack(0x000000005cb10000,0x000000005cb90000)]
  0x000000005b6e5800 JavaThread "Code Analyzer updating thread" [_thread_blocked, id=5996, stack(0x000000000a7f0000,0x000000000a870000)]
  0x000000005b6e4800 JavaThread "Code Analyzer updating thread" [_thread_blocked, id=12592, stack(0x000000000a640000,0x000000000a6c0000)]
  0x000000005b6e4000 JavaThread "Code Analyzer updating thread" [_thread_blocked, id=5764, stack(0x000000000a5a0000,0x000000000a620000)]
  0x000000005b6e3000 JavaThread "Code Analyzer updating thread" [_thread_blocked, id=6312, stack(0x000000000a3a0000,0x000000000a420000)]
  0x000000005b6e2800 JavaThread "Code Analyzer updating thread" [_thread_blocked, id=5788, stack(0x000000000a440000,0x000000000a4c0000)]
  0x000000005b6e1000 JavaThread "Code Analyzer updating thread" [_thread_blocked, id=11284, stack(0x000000000a1e0000,0x000000000a260000)]
  0x000000005b6e0000 JavaThread "Code Analyzer updating thread" [_thread_blocked, id=6156, stack(0x000000000a270000,0x000000000a2f0000)]
  0x000000005b6df800 JavaThread "Code Analyzer updating thread" [_thread_blocked, id=9468, stack(0x000000000a300000,0x000000000a380000)]
  0x000000005b6df000 JavaThread "Code Analyzer updating thread" [_thread_blocked, id=10400, stack(0x000000000a050000,0x000000000a0d0000)]
  0x000000005b6de000 JavaThread "Code Analyzer updating thread" [_thread_blocked, id=9020, stack(0x000000000a0f0000,0x000000000a170000)]
  0x000000005b6dd800 JavaThread "Active Reference Queue Daemon" daemon [_thread_blocked, id=4632, stack(0x0000000009f90000,0x000000000a010000)]
  0x0000000059f00800 JavaThread "Timer-8" daemon [_thread_blocked, id=8512, stack(0x0000000009bf0000,0x0000000009c70000)]
  0x0000000059eff000 JavaThread "Explorer NavigationContext request queue" [_thread_blocked, id=9832, stack(0x0000000009b10000,0x0000000009b90000)]
  0x0000000059efd800 JavaThread "AddressBar directory emptiness poller" [_thread_blocked, id=8156, stack(0x0000000009db0000,0x0000000009e30000)]
  0x0000000059efc000 JavaThread "Timer-2" [_thread_blocked, id=12032, stack(0x000000005c030000,0x000000005c0b0000)]
  0x0000000059efb800 JavaThread "Timer-1" daemon [_thread_blocked, id=11388, stack(0x000000005c960000,0x000000005c9e0000)]
  0x0000000059ef8800 JavaThread "TimerQueue" daemon [_thread_blocked, id=3864, stack(0x0000000021070000,0x00000000210f0000)]
  0x0000000059efa800 JavaThread "FelixPackageAdmin" daemon [_thread_blocked, id=9292, stack(0x000000005c490000,0x000000005c510000)]
  0x0000000059efa000 JavaThread "FelixStartLevel" daemon [_thread_blocked, id=11216, stack(0x000000005c530000,0x000000005c5b0000)]
  0x0000000059ef9000 JavaThread "FelixDispatchQueue" daemon [_thread_blocked, id=12164, stack(0x000000005c3e0000,0x000000005c460000)]
=>0x0000000059ef8000 JavaThread "AWT-EventQueue-0" [_thread_in_native, id=12852, stack(0x0000000029410000,0x0000000029490000)]
  0x0000000059ef7000 JavaThread "com.google.common.base.internal.Finalizer" daemon [_thread_blocked, id=6428, stack(0x000000005bfb0000,0x000000005c030000)]
  0x0000000059ef5800 JavaThread "AWT-Windows" daemon [_thread_in_native, id=7684, stack(0x000000000ff60000,0x000000000ffe0000)]
  0x0000000059ef5000 JavaThread "AWT-Shutdown" [_thread_blocked, id=11204, stack(0x0000000055c20000,0x0000000055ca0000)]
  0x0000000059ef4000 JavaThread "Java2D Disposer" daemon [_thread_blocked, id=8240, stack(0x000000004da90000,0x000000004db10000)]
  0x0000000059ef3800 JavaThread "Timer-0" [_thread_blocked, id=8524, stack(0x0000000029380000,0x0000000029400000)]
  0x0000000059ef2800 JavaThread "EventMgr Dispatcher" daemon [_thread_in_native, id=12996, stack(0x0000000018ff0000,0x000000001cff0000)]
  0x0000000059ef2000 JavaThread "Low Memory Detector" daemon [_thread_blocked, id=9200, stack(0x000000000fe30000,0x000000000feb0000)]
  0x0000000059f07800 JavaThread "CompilerThread1" daemon [_thread_blocked, id=10312, stack(0x0000000088190000,0x000000008c190000)]
  0x0000000059f01800 JavaThread "CompilerThread0" daemon [_thread_blocked, id=11360, stack(0x0000000084190000,0x0000000088190000)]
  0x0000000059ef1800 JavaThread "Attach Listener" daemon [_thread_blocked, id=11724, stack(0x0000000021110000,0x0000000021190000)]
  0x0000000059e98800 JavaThread "Finalizer" daemon [_thread_blocked, id=13160, stack(0x0000000010ef0000,0x0000000010f70000)]
  0x0000000059e8e800 JavaThread "Reference Handler" daemon [_thread_blocked, id=8172, stack(0x000000000feb0000,0x000000000ff30000)]
  0x0000000006ea7800 JavaThread "main" [_thread_in_native, id=8208, stack(0x0000000000150000,0x0000000004150000)]

Other Threads:
  0x0000000059e89000 VMThread [stack: 0x0000000080000000,0x0000000084000000] [id=9424]
  0x0000000059f2a000 WatcherThread [stack: 0x000000008c310000,0x0000000090310000] [id=12776]

VM state:not at safepoint (normal execution)

VM Mutex/Monitor currently owned by a thread: None

Heap
 PSYoungGen      total 23744K, used 15277K [0x0000000046910000, 0x0000000048410000, 0x0000000049a10000)
  eden space 20416K, 59% used [0x0000000046910000,0x00000000474ef138,0x0000000047d00000)
  from space 3328K, 93% used [0x0000000047d00000,0x000000004800c6b8,0x0000000048040000)
  to   space 3392K, 0% used [0x00000000480c0000,0x00000000480c0000,0x0000000048410000)
 PSOldGen        total 150528K, used 108459K [0x000000003d610000, 0x0000000046910000, 0x0000000046910000)
  object space 150528K, 72% used [0x000000003d610000,0x0000000043ffaea8,0x0000000046910000)
 PSPermGen       total 124672K, used 75776K [0x0000000035610000, 0x000000003cfd0000, 0x000000003d610000)
  object space 124672K, 60% used [0x0000000035610000,0x000000003a010218,0x000000003cfd0000)

Dynamic libraries:
0x000000013f1f0000 - 0x000000013f222000 	C:\Program Files\MATLAB\R2012a\bin\win64\MATLAB.exe
0x0000000077640000 - 0x00000000777df000 	C:\Windows\SYSTEM32\ntdll.dll
0x0000000077520000 - 0x000000007763f000 	C:\Windows\system32\kernel32.dll
0x000007fefd390000 - 0x000007fefd3fa000 	C:\Windows\system32\KERNELBASE.dll
0x0000000074460000 - 0x0000000074554000 	C:\Program Files\MATLAB\R2012a\bin\win64\libut.dll
0x00000000758a0000 - 0x0000000075952000 	C:\Program Files\MATLAB\R2012a\bin\win64\libmwi18n.dll
0x0000000180000000 - 0x000000018000b000 	C:\Program Files\MATLAB\R2012a\bin\win64\libmwresource_core.dll
0x0000000077b80000 - 0x0000000077c53000 	C:\Windows\WinSxS\amd64_microsoft.vc90.crt_1fc8b3b9a1e18e3b_9.0.30729.6161_none_08e61857a83bc251\MSVCP90.dll
0x00000000781f0000 - 0x0000000078293000 	C:\Windows\WinSxS\amd64_microsoft.vc90.crt_1fc8b3b9a1e18e3b_9.0.30729.6161_none_08e61857a83bc251\MSVCR90.dll
0x000000007a170000 - 0x000000007a19c000 	C:\Program Files\MATLAB\R2012a\bin\win64\boost_filesystem-vc90-mt-1_44.dll
0x000000007a560000 - 0x000000007a569000 	C:\Program Files\MATLAB\R2012a\bin\win64\boost_system-vc90-mt-1_44.dll
0x000007feff850000 - 0x000007feff92b000 	C:\Windows\system32\ADVAPI32.dll
0x000007fefd750000 - 0x000007fefd7ef000 	C:\Windows\system32\msvcrt.dll
0x000007fefd920000 - 0x000007fefd93f000 	C:\Windows\SYSTEM32\sechost.dll
0x000007fefd7f0000 - 0x000007fefd91d000 	C:\Windows\system32\RPCRT4.dll
0x000000007a010000 - 0x000000007a035000 	C:\Program Files\MATLAB\R2012a\bin\win64\LIBEXPAT.dll
0x0000000073200000 - 0x00000000733f1000 	C:\Program Files\MATLAB\R2012a\bin\win64\icuin44.dll
0x0000000073d00000 - 0x0000000073e71000 	C:\Program Files\MATLAB\R2012a\bin\win64\icuuc44.dll
0x0000000010000000 - 0x0000000010e41000 	C:\Program Files\MATLAB\R2012a\bin\win64\icudt44.dll
0x0000000073f70000 - 0x00000000740ad000 	C:\Program Files\MATLAB\R2012a\bin\win64\libmwfl.dll
0x0000000004440000 - 0x0000000004736000 	C:\Program Files\MATLAB\R2012a\bin\win64\libmwMATLAB_res.dll
0x000000007a3b0000 - 0x000000007a3c0000 	C:\Program Files\MATLAB\R2012a\bin\win64\boost_date_time-vc90-mt-1_44.dll
0x000000007a250000 - 0x000000007a263000 	C:\Program Files\MATLAB\R2012a\bin\win64\boost_signals-vc90-mt-1_44.dll
0x000000007a2d0000 - 0x000000007a2e2000 	C:\Program Files\MATLAB\R2012a\bin\win64\boost_thread-vc90-mt-1_44.dll
0x0000000004190000 - 0x00000000041d6000 	C:\Program Files\MATLAB\R2012a\bin\win64\tbb.dll
0x000007fefee90000 - 0x000007fefeea9000 	C:\Windows\system32\imagehlp.dll
0x00000000777f0000 - 0x00000000777f7000 	C:\Windows\system32\PSAPI.DLL
0x0000000079b70000 - 0x0000000079b83000 	C:\Program Files\MATLAB\R2012a\bin\win64\icuio44.dll
0x000007fef5620000 - 0x000007fef5745000 	C:\Windows\system32\dbghelp.dll
0x0000000077420000 - 0x000000007751a000 	C:\Windows\system32\USER32.dll
0x000007feff340000 - 0x000007feff3a7000 	C:\Windows\system32\GDI32.dll
0x000007fefd9e0000 - 0x000007fefd9ee000 	C:\Windows\system32\LPK.dll
0x000007feff3b0000 - 0x000007feff47b000 	C:\Windows\system32\USP10.dll
0x000000007bed0000 - 0x000000007c183000 	C:\Program Files\MATLAB\R2012a\bin\win64\libmwservices.dll
0x0000000075a20000 - 0x0000000075ae2000 	C:\Program Files\MATLAB\R2012a\bin\win64\libmx.dll
0x000000007a210000 - 0x000000007a228000 	C:\Program Files\MATLAB\R2012a\bin\win64\zlib1.dll
0x0000000004230000 - 0x0000000004251000 	C:\Program Files\MATLAB\R2012a\bin\win64\libmwmfl_scalar.dll
0x0000000075f10000 - 0x0000000075f5d000 	C:\Program Files\MATLAB\R2012a\bin\win64\mpath.dll
0x000000007b680000 - 0x000000007bbe1000 	C:\Program Files\MATLAB\R2012a\bin\win64\mlutil.dll
0x0000000074780000 - 0x00000000747ff000 	C:\Program Files\MATLAB\R2012a\bin\win64\xmlcore.dll
0x000000007bc30000 - 0x000000007be83000 	C:\Program Files\MATLAB\R2012a\bin\win64\xerces-c_2_7.dll
0x000007feff4f0000 - 0x000007feff53d000 	C:\Windows\system32\WS2_32.dll
0x000007feff480000 - 0x000007feff488000 	C:\Windows\system32\NSI.dll
0x00000000042b0000 - 0x00000000042ca000 	C:\Program Files\MATLAB\R2012a\bin\win64\libmwMATLAB_settings_res.dll
0x00000000042e0000 - 0x0000000004327000 	C:\Program Files\MATLAB\R2012a\bin\win64\boost_serialization-vc90-mt-1_44.dll
0x000007fefdbd0000 - 0x000007fefe95b000 	C:\Windows\system32\SHELL32.dll
0x000007fefd6d0000 - 0x000007fefd741000 	C:\Windows\system32\SHLWAPI.dll
0x000007fefa300000 - 0x000007fefa3a0000 	C:\Windows\WinSxS\amd64_microsoft.windows.common-controls_6595b64144ccf1df_5.82.7601.18837_none_a4d981ff711297b6\COMCTL32.dll
0x000007feff7b0000 - 0x000007feff847000 	C:\Windows\system32\COMDLG32.dll
0x000007fefb640000 - 0x000007fefb656000 	C:\Windows\system32\NETAPI32.dll
0x000007fefb630000 - 0x000007fefb63c000 	C:\Windows\system32\netutils.dll
0x000007fefcd30000 - 0x000007fefcd53000 	C:\Windows\system32\srvcli.dll
0x000007fefb1e0000 - 0x000007fefb1f5000 	C:\Windows\system32\wkscli.dll
0x000007fefe960000 - 0x000007fefeb5d000 	C:\Windows\system32\ole32.dll
0x000007feff540000 - 0x000007feff61a000 	C:\Windows\system32\OLEAUT32.dll
0x0000000074970000 - 0x0000000074b06000 	C:\Program Files\MATLAB\R2012a\bin\win64\mcr.dll
0x0000000075000000 - 0x000000007536b000 	C:\Program Files\MATLAB\R2012a\bin\win64\iqm.dll
0x0000000004760000 - 0x0000000004f81000 	C:\Program Files\MATLAB\R2012a\bin\win64\m_interpreter.dll
0x0000000004fa0000 - 0x0000000004fc5000 	C:\Program Files\MATLAB\R2012a\bin\win64\libmex.dll
0x0000000004fe0000 - 0x0000000005093000 	C:\Program Files\MATLAB\R2012a\bin\win64\m_dispatcher.dll
0x0000000074880000 - 0x000000007496d000 	C:\Program Files\MATLAB\R2012a\bin\win64\boost_regex-vc90-mt-1_44.dll
0x00000000050c0000 - 0x0000000005144000 	C:\Program Files\MATLAB\R2012a\bin\win64\profiler.dll
0x0000000005160000 - 0x00000000053b5000 	C:\Program Files\MATLAB\R2012a\bin\win64\libmwmathutil.dll
0x0000000079f40000 - 0x0000000079f6d000 	C:\Program Files\MATLAB\R2012a\bin\win64\libmwmathrng.dll
0x0000000074c10000 - 0x0000000074ced000 	C:\Program Files\MATLAB\R2012a\bin\win64\libmwmathcore.dll
0x0000000076160000 - 0x00000000761cb000 	C:\Program Files\MATLAB\R2012a\bin\win64\libmwspmatrix.dll
0x0000000075ea0000 - 0x0000000075f02000 	C:\Program Files\MATLAB\R2012a\bin\win64\libmwcholmod.dll
0x000000007a460000 - 0x000000007a46d000 	C:\Program Files\MATLAB\R2012a\bin\win64\libmwamd.dll
0x000000007a4b0000 - 0x000000007a4bc000 	C:\Program Files\MATLAB\R2012a\bin\win64\libmwcolamd.dll
0x0000000079d70000 - 0x0000000079d89000 	C:\Program Files\MATLAB\R2012a\bin\win64\libmwblas.dll
0x00000000797e0000 - 0x00000000797f2000 	C:\Program Files\MATLAB\R2012a\bin\win64\libmwbinder.dll
0x0000000077980000 - 0x000000007798b000 	C:\Program Files\MATLAB\R2012a\bin\win64\libmwompwrapper.dll
0x0000000005460000 - 0x00000000054e6000 	C:\Program Files\MATLAB\R2012a\bin\win64\libmwlapack.dll
0x00000000796e0000 - 0x0000000079701000 	C:\Program Files\MATLAB\R2012a\bin\win64\m_pcodeio.dll
0x0000000005510000 - 0x0000000005577000 	C:\Program Files\MATLAB\R2012a\bin\win64\m_ir.dll
0x0000000078bd0000 - 0x0000000079220000 	C:\Program Files\MATLAB\R2012a\bin\win64\m_parser.dll
0x000000007a0d0000 - 0x000000007a0ea000 	C:\Program Files\MATLAB\R2012a\bin\win64\ir_xfmr.dll
0x000000007ab80000 - 0x000000007adf9000 	C:\Program Files\MATLAB\R2012a\bin\win64\mcos.dll
0x000000007a3c0000 - 0x000000007a3cc000 	C:\Program Files\MATLAB\R2012a\bin\win64\mtok.dll
0x00000000795e0000 - 0x0000000079611000 	C:\Program Files\MATLAB\R2012a\bin\win64\m_pcodegen.dll
0x0000000079fb0000 - 0x0000000079fe7000 	C:\Program Files\MATLAB\R2012a\bin\win64\libmwbridge.dll
0x00000000055f0000 - 0x00000000056b8000 	C:\Program Files\MATLAB\R2012a\bin\win64\udd.dll
0x0000000073620000 - 0x0000000073772000 	C:\Program Files\MATLAB\R2012a\bin\win64\libmwgui.dll
0x00000000799d0000 - 0x00000000799e7000 	C:\Program Files\MATLAB\R2012a\bin\win64\graphics_util.dll
0x00000000056f0000 - 0x0000000006093000 	C:\Program Files\MATLAB\R2012a\bin\win64\hg.dll
0x00000000060b0000 - 0x0000000006117000 	C:\Program Files\MATLAB\R2012a\bin\win64\libmat.dll
0x0000000072d30000 - 0x0000000072f44000 	C:\Program Files\MATLAB\R2012a\bin\win64\hdf5dll.dll
0x0000000075710000 - 0x00000000757c1000 	C:\Program Files\MATLAB\R2012a\bin\win64\jmi.dll
0x0000000006150000 - 0x000000000615e000 	C:\Program Files\MATLAB\R2012a\bin\win64\nativejava_services.dll
0x0000000006170000 - 0x00000000061b2000 	C:\Program Files\MATLAB\R2012a\bin\win64\libmwhardcopy.dll
0x00000000061d0000 - 0x000000000622a000 	C:\Program Files\MATLAB\R2012a\bin\win64\libuij.dll
0x00000000729e0000 - 0x0000000072bec000 	C:\Program Files\MATLAB\R2012a\bin\win64\hgdatatypes.dll
0x0000000006250000 - 0x000000000634d000 	C:\Program Files\MATLAB\R2012a\bin\win64\hgutils.dll
0x0000000006360000 - 0x000000000641d000 	C:\Program Files\MATLAB\R2012a\bin\win64\udd_mi.dll
0x0000000006430000 - 0x000000000646b000 	C:\Program Files\MATLAB\R2012a\bin\win64\libmwgbtutils.dll
0x0000000006480000 - 0x0000000006499000 	C:\Program Files\MATLAB\R2012a\bin\win64\libmwgbt.dll
0x00000000064b0000 - 0x000000000677a000 	C:\Program Files\MATLAB\R2012a\bin\win64\uiw.dll
0x0000000079c40000 - 0x0000000079c4f000 	C:\Program Files\MATLAB\R2012a\bin\win64\uinone.dll
0x000007fef8aa0000 - 0x000007fef8ab8000 	C:\Windows\system32\MPR.dll
0x00000000067a0000 - 0x0000000006c84000 	C:\Windows\WinSxS\amd64_microsoft.vc90.mfc_1fc8b3b9a1e18e3b_9.0.30729.6161_none_044aad0bab1eb146\mfc90.dll
0x000007fefaa70000 - 0x000007fefaa77000 	C:\Windows\system32\MSIMG32.dll
0x000007fefa280000 - 0x000007fefa2f1000 	C:\Windows\system32\WINSPOOL.DRV
0x00000000796a0000 - 0x00000000796c0000 	C:\Program Files\MATLAB\R2012a\bin\win64\mwoles05.DLL
0x0000000075620000 - 0x000000007569c000 	C:\Program Files\MATLAB\R2012a\bin\win64\comcli.dll
0x00000000794e0000 - 0x000000007950f000 	C:\Windows\WinSxS\amd64_microsoft.vc90.atl_1fc8b3b9a1e18e3b_9.0.30729.6161_none_0a1fd3a3a768b895\ATL90.DLL
0x0000000079660000 - 0x000000007966c000 	C:\Program Files\MATLAB\R2012a\bin\win64\mlautoregister.dll
0x0000000006cc0000 - 0x0000000006cd0000 	C:\Program Files\MATLAB\R2012a\bin\win64\boost_iostreams-vc90-mt-1_44.dll
0x000007feff180000 - 0x000007feff1ae000 	C:\Windows\system32\IMM32.DLL
0x000007feff620000 - 0x000007feff729000 	C:\Windows\system32\MSCTF.dll
0x000007fefd240000 - 0x000007fefd271000 	C:\Windows\system32\nvinitx.dll
0x000007fefd230000 - 0x000007fefd23c000 	C:\Windows\system32\VERSION.dll
0x0000000074ec0000 - 0x0000000074ec6000 	C:\Program Files\NVIDIA Corporation\CoProcManager\detoured.dll
0x000007fefb260000 - 0x000007fefb298000 	C:\Program Files\NVIDIA Corporation\CoProcManager\nvd3d9wrapx.dll
0x000007fefd9f0000 - 0x000007fefdbc7000 	C:\Windows\system32\SETUPAPI.dll
0x000007fefd410000 - 0x000007fefd446000 	C:\Windows\system32\CFGMGR32.dll
0x000007fefd660000 - 0x000007fefd67a000 	C:\Windows\system32\DEVOBJ.dll
0x000007fefb1b0000 - 0x000007fefb1d4000 	C:\Program Files\NVIDIA Corporation\CoProcManager\nvdxgiwrapx.dll
0x000007fefb5d0000 - 0x000007fefb626000 	C:\Windows\system32\UxTheme.dll
0x000007fefaa00000 - 0x000007fefaa18000 	C:\Windows\system32\dwmapi.dll
0x000000005cf00000 - 0x000000005cf0d000 	C:\Windows\WinSxS\amd64_microsoft.vc90.mfcloc_1fc8b3b9a1e18e3b_9.0.30729.6161_none_01c9581e60cbee58\MFC90ENU.DLL
0x0000000006f80000 - 0x0000000006fa9000 	C:\Program Files\MATLAB\R2012a\bin\win64\tbbmalloc.dll
0x000007fefd320000 - 0x000007fefd32f000 	C:\Windows\system32\profapi.dll
0x000007fefb710000 - 0x000007fefb71f000 	C:\Program Files\MATLAB\R2012a\bin\win64\xmlxrcsc.dll
0x000007fefd0c0000 - 0x000007fefd0cf000 	C:\Windows\system32\CRYPTBASE.dll
0x000007fefb920000 - 0x000007fefbb14000 	C:\Windows\WinSxS\amd64_microsoft.windows.common-controls_6595b64144ccf1df_6.0.7601.18837_none_fa3b1e3d17594757\comctl32.dll
0x000007fefd940000 - 0x000007fefd9d9000 	C:\Windows\system32\CLBCatQ.DLL
0x000007fefb760000 - 0x000007fefb88c000 	C:\Windows\system32\propsys.dll
0x000007fefc1b0000 - 0x000007fefc1dd000 	C:\Windows\system32\ntmarta.dll

VM Arguments:
jvm_args: -Xss512k -XX:PermSize=32m -Xms64m -XX:NewRatio=3 -XX:MaxPermSize=128m -Xmx196m -XX:MaxDirectMemorySize=2147400000 -Dsun.java2d.noddraw=true -Dsun.awt.nopixfmt=true -Xshare:off -Xrs -Dsun.awt.disableMixing=true -Djava.library.path=C:\Program Files\MATLAB\R2012a\bin\win64 vfprintf abort 
java_command: <unknown>
Launcher Type: generic

Environment Variables:
PATH=C:\ProgramData\Oracle\Java\javapath;C:\Program Files (x86)\Common Files\Microsoft Shared\Windows Live;C:\Program Files\NVIDIA GPU Computing Toolkit\CUDA\v4.2\\bin;C:\Program Files\NVIDIA GPU Computing Toolkit\CUDA\v4.2\libnvvp\;C:\Program Files (x86)\Intel\iCLS Client\;C:\Program Files\Intel\iCLS Client\;C:\Windows\system32;C:\Windows;C:\Windows\System32\Wbem;C:\Windows\System32\WindowsPowerShell\v1.0\;C:\Program Files\Intel\Intel(R) Management Engine Components\DAL;C:\Program Files\Intel\Intel(R) Management Engine Components\IPT;C:\Program Files (x86)\Intel\Intel(R) Management Engine Components\DAL;C:\Program Files (x86)\Intel\Intel(R) Management Engine Components\IPT;C:\Program Files (x86)\Intel\OpenCL SDK\2.0\bin\x86;C:\Program Files (x86)\Intel\OpenCL SDK\2.0\bin\x64;C:\Program Files\MATLAB\R2012a\bin;C:\Program Files (x86)\IVI Foundation\IVI\bin;C:\Program Files\IVI Foundation\IVI\bin;C:\Program Files\IVI Foundation\VISA\Win64\Bin\;C:\Program Files (x86)\IVI Foundation\VISA\WinNT\Bin\;C:\Program Files (x86)\IVI Foundation\VISA\WinNT\Bin;C:\ProgramData\NVIDIA Corporation\NVIDIA GPU Computing SDK 4.2\C\common\bin;C:\Program Files\TortoiseGit\bin;C:\Program Files (x86)\NVIDIA Corporation\PhysX\Common;C:\Program Files\gs\gs9.19\lib;C:\Program Files\gs\gs9.19\bin;C:\Program Files (x86)\Skype\Phone\;C:\Program Files\Common Files\Microsoft Shared\Windows Live
USERNAME=Jonathan Nylk
OS=Windows_NT
PROCESSOR_IDENTIFIER=Intel64 Family 6 Model 58 Stepping 9, GenuineIntel



---------------  S Y S T E M  ---------------

OS: Windows 7 Build 7601 Service Pack 1

CPU:total 8 (8 cores per cpu, 2 threads per core) family 6 model 58 stepping 9, cmov, cx8, fxsr, mmx, sse, sse2, sse3, ssse3, sse4.1, sse4.2, ht

Memory: 4k page, physical 16671216k(11493464k free), swap 33446556k(28083112k free)

vm_info: Java HotSpot(TM) 64-Bit Server VM (14.3-b01) for windows-amd64 JRE (1.6.0_17-b04), built on Oct 11 2009 00:46:08 by "java_re" with MS VC++ 8.0

time: Wed Apr 25 21:36:15 2018
elapsed time: 40629 seconds

